Determining if the pthread_create exist failed with the following output:
Change Dir: /home/yiting/Documents/yiting/PCSC_project/PCSC_2019_Data_Approx/debug/CMakeFiles/CMakeTmp

Run Build Command:"/usr/bin/make" "cmTC_fcc7e/fast"
/usr/bin/make -f CMakeFiles/cmTC_fcc7e.dir/build.make CMakeFiles/cmTC_fcc7e.dir/build
make[1]: Entering directory '/home/yiting/Documents/yiting/PCSC_project/PCSC_2019_Data_Approx/debug/CMakeFiles/CMakeTmp'
Building C object CMakeFiles/cmTC_fcc7e.dir/CheckSymbolExists.c.o
/usr/bin/cc    -o CMakeFiles/cmTC_fcc7e.dir/CheckSymbolExists.c.o   -c /home/yiting/Documents/yiting/PCSC_project/PCSC_2019_Data_Approx/debug/CMakeFiles/CMakeTmp/CheckSymbolExists.c
Linking C executable cmTC_fcc7e
/usr/bin/cmake -E cmake_link_script CMakeFiles/cmTC_fcc7e.dir/link.txt --verbose=1
/usr/bin/cc      -rdynamic CMakeFiles/cmTC_fcc7e.dir/CheckSymbolExists.c.o  -o cmTC_fcc7e 
CMakeFiles/cmTC_fcc7e.dir/CheckSymbolExists.c.o: In function `main':
CheckSymbolExists.c:(.text+0x1b): undefined reference to `pthread_create'
collect2: error: ld returned 1 exit status
CMakeFiles/cmTC_fcc7e.dir/build.make:97: recipe for target 'cmTC_fcc7e' failed
make[1]: *** [cmTC_fcc7e] Error 1
make[1]: Leaving directory '/home/yiting/Documents/yiting/PCSC_project/PCSC_2019_Data_Approx/debug/CMakeFiles/CMakeTmp'
Makefile:126: recipe for target 'cmTC_fcc7e/fast' failed
make: *** [cmTC_fcc7e/fast] Error 2

File /home/yiting/Documents/yiting/PCSC_project/PCSC_2019_Data_Approx/debug/CMakeFiles/CMakeTmp/CheckSymbolExists.c:
/* */
#include <pthread.h>

int main(int argc, char** argv)
{
  (void)argv;
#ifndef pthread_create
  return ((int*)(&pthread_create))[argc];
#else
  (void)argc;
  return 0;
#endif
}

Determining if the function pthread_create exists in the pthreads failed with the following output:
Change Dir: /home/yiting/Documents/yiting/PCSC_project/PCSC_2019_Data_Approx/debug/CMakeFiles/CMakeTmp

Run Build Command:"/usr/bin/make" "cmTC_47ddb/fast"
/usr/bin/make -f CMakeFiles/cmTC_47ddb.dir/build.make CMakeFiles/cmTC_47ddb.dir/build
make[1]: Entering directory '/home/yiting/Documents/yiting/PCSC_project/PCSC_2019_Data_Approx/debug/CMakeFiles/CMakeTmp'
Building C object CMakeFiles/cmTC_47ddb.dir/CheckFunctionExists.c.o
/usr/bin/cc   -DCHECK_FUNCTION_EXISTS=pthread_create   -o CMakeFiles/cmTC_47ddb.dir/CheckFunctionExists.c.o   -c /usr/share/cmake-3.10/Modules/CheckFunctionExists.c
Linking C executable cmTC_47ddb
/usr/bin/cmake -E cmake_link_script CMakeFiles/cmTC_47ddb.dir/link.txt --verbose=1
/usr/bin/cc  -DCHECK_FUNCTION_EXISTS=pthread_create    -rdynamic CMakeFiles/cmTC_47ddb.dir/CheckFunctionExists.c.o  -o cmTC_47ddb -lpthreads 
/usr/bin/ld: cannot find -lpthreads
collect2: error: ld returned 1 exit status
CMakeFiles/cmTC_47ddb.dir/build.make:97: recipe for target 'cmTC_47ddb' failed
make[1]: *** [cmTC_47ddb] Error 1
make[1]: Leaving directory '/home/yiting/Documents/yiting/PCSC_project/PCSC_2019_Data_Approx/debug/CMakeFiles/CMakeTmp'
Makefile:126: recipe for target 'cmTC_47ddb/fast' failed
make: *** [cmTC_47ddb/fast] Error 2


